[00:03:16] [main/INFO]: Loading tweak class name org.tlauncher.tweaker.Tweaker
[00:03:16] [main/INFO]: Using primary tweak class name org.tlauncher.tweaker.Tweaker
[00:03:16] [main/INFO]: Calling tweak class org.tlauncher.tweaker.Tweaker
[00:03:17] [main/INFO]: Launching wrapped minecraft [net.minecraft.client.main.Main]
[00:03:25] [Datafixer Bootstrap/INFO]: 192 Datafixer optimizations took 397 milliseconds
[00:03:27] [Render thread/INFO]: Environment: Environment[accountsHost=https://api.mojang.com, sessionHost=https://sessionserver.mojang.com, servicesHost=https://api.minecraftservices.com, name=PROD]
[00:03:27] [Render thread/INFO]: Setting user: heckintosh
[00:03:27] [IO-Worker-1/WARN]: Couldn't look up profile properties for 9b952248-5626-4717-ae6a-e1ff1a9f3139
java.lang.NoSuchMethodError: 'java.lang.String com.mojang.util.UUIDTypeAdapter.fromUUID(java.util.UUID)'
	at com.mojang.authlib.yggdrasil.YggdrasilMinecraftSessionService.fetchProfileUncached(YggdrasilMinecraftSessionService.java:180) ~[YggdrasilMinecraftSessionService.class:?]
	at com.mojang.authlib.yggdrasil.YggdrasilMinecraftSessionService.fetchProfile(YggdrasilMinecraftSessionService.java:158) ~[YggdrasilMinecraftSessionService.class:?]
	at eqv.bD(SourceFile:450) ~[eqv.class:?]
	at java.util.concurrent.CompletableFuture$AsyncSupply.run(CompletableFuture.java:1768) ~[?:?]
	at java.util.concurrent.ThreadPoolExecutor.runWorker(ThreadPoolExecutor.java:1136) ~[?:?]
	at java.util.concurrent.ThreadPoolExecutor$Worker.run(ThreadPoolExecutor.java:635) ~[?:?]
	at java.lang.Thread.run(Thread.java:833) ~[?:?]
[00:03:28] [Render thread/INFO]: Backend library: LWJGL version 3.3.2+13
[00:03:29] [Render thread/INFO]: Reloading ResourceManager: vanilla
[00:03:29] [Worker-Main-4/INFO]: Found unifont_all_no_pua-15.0.06.hex, loading
[00:03:31] [Render thread/WARN]: Missing sound for event: minecraft:item.goat_horn.play
[00:03:31] [Render thread/WARN]: Missing sound for event: minecraft:entity.goat.screaming.horn_break
[00:03:31] [Render thread/INFO]: OpenAL initialized on device OpenAL Soft on Headphones (Realtek(R) Audio)
[00:03:31] [Render thread/INFO]: Sound engine started
[00:03:31] [Render thread/INFO]: Created: 1024x512x4 minecraft:textures/atlas/blocks.png-atlas
[00:03:31] [Render thread/INFO]: Created: 256x256x4 minecraft:textures/atlas/signs.png-atlas
[00:03:31] [Render thread/INFO]: Created: 512x512x4 minecraft:textures/atlas/shield_patterns.png-atlas
[00:03:31] [Render thread/INFO]: Created: 512x512x4 minecraft:textures/atlas/banner_patterns.png-atlas
[00:03:31] [Render thread/INFO]: Created: 1024x1024x4 minecraft:textures/atlas/armor_trims.png-atlas
[00:03:31] [Render thread/INFO]: Created: 256x256x4 minecraft:textures/atlas/chest.png-atlas
[00:03:31] [Render thread/INFO]: Created: 128x64x4 minecraft:textures/atlas/decorated_pot.png-atlas
[00:03:31] [Render thread/INFO]: Created: 512x256x4 minecraft:textures/atlas/shulker_boxes.png-atlas
[00:03:31] [Render thread/INFO]: Created: 512x256x4 minecraft:textures/atlas/beds.png-atlas
[00:03:32] [Render thread/WARN]: Shader rendertype_entity_translucent_emissive could not find sampler named Sampler2 in the specified shader program.
[00:03:32] [Render thread/INFO]: Created: 256x256x0 minecraft:textures/atlas/particles.png-atlas
[00:03:32] [Render thread/INFO]: Created: 256x256x0 minecraft:textures/atlas/paintings.png-atlas
[00:03:32] [Render thread/INFO]: Created: 128x128x0 minecraft:textures/atlas/mob_effects.png-atlas
[00:03:32] [Render thread/INFO]: Created: 1024x512x0 minecraft:textures/atlas/gui.png-atlas
[00:03:40] [Render thread/INFO]: Loaded 7 recipes
[00:03:40] [Render thread/INFO]: Loaded 1271 advancements
[00:03:52] [Server thread/INFO]: Starting integrated minecraft server version 1.20.2
[00:03:52] [Server thread/INFO]: Generating keypair
[00:03:52] [Server thread/INFO]: Preparing start region for dimension minecraft:overworld
[00:03:53] [Render thread/INFO]: Preparing spawn area: 0%
[00:03:53] [Render thread/INFO]: Preparing spawn area: 0%
[00:03:53] [Render thread/INFO]: Preparing spawn area: 5%
[00:03:54] [Render thread/INFO]: Preparing spawn area: 16%
[00:03:54] [Render thread/INFO]: Preparing spawn area: 69%
[00:03:55] [Render thread/INFO]: Time elapsed: 2452 ms
[00:03:55] [Server thread/INFO]: Changing view distance to 12, from 10
[00:03:55] [Server thread/INFO]: Changing simulation distance to 12, from 0
[00:03:56] [Server thread/INFO]: heckintosh[local:E:bdfef261] logged in with entity id 1 at (-8.5, -60.0, -7.5)
[00:03:56] [Server thread/INFO]: heckintosh joined the game
[00:03:56] [Render thread/INFO]: Loaded 2 advancements
[00:03:57] [Render thread/INFO]: calculated cape performance:TEXTURE_272, middle time: 2.0
[00:03:58] [Render thread/INFO]: can use texture size:TEXTURE_272, middle time: 0.5
[00:04:07] [Server thread/INFO]: Saving and pausing game...
[00:04:07] [Server thread/INFO]: Saving chunks for level 'ServerLevel[New World]'/minecraft:overworld
[00:04:07] [Server thread/INFO]: Saving chunks for level 'ServerLevel[New World]'/minecraft:the_nether
[00:04:07] [Server thread/INFO]: Saving chunks for level 'ServerLevel[New World]'/minecraft:the_end
[00:04:24] [Server thread/INFO]: Saving and pausing game...
[00:04:24] [Server thread/INFO]: Saving chunks for level 'ServerLevel[New World]'/minecraft:overworld
[00:04:24] [Server thread/INFO]: Saving chunks for level 'ServerLevel[New World]'/minecraft:the_nether
[00:04:24] [Server thread/INFO]: Saving chunks for level 'ServerLevel[New World]'/minecraft:the_end
[00:04:26] [Server thread/INFO]: heckintosh lost connection: Disconnected
[00:04:26] [Server thread/INFO]: heckintosh left the game
[00:04:26] [Server thread/INFO]: Stopping singleplayer server as player logged out
[00:04:26] [Server thread/INFO]: Stopping server
[00:04:26] [Server thread/INFO]: Saving players
[00:04:26] [Server thread/INFO]: Saving worlds
[00:04:27] [Server thread/INFO]: Saving chunks for level 'ServerLevel[New World]'/minecraft:overworld
[00:04:31] [Server thread/INFO]: Saving chunks for level 'ServerLevel[New World]'/minecraft:the_nether
[00:04:31] [Server thread/INFO]: Saving chunks for level 'ServerLevel[New World]'/minecraft:the_end
[00:04:31] [Server thread/INFO]: ThreadedAnvilChunkStorage (New World): All chunks are saved
[00:04:31] [Server thread/INFO]: ThreadedAnvilChunkStorage (DIM-1): All chunks are saved
[00:04:31] [Server thread/INFO]: ThreadedAnvilChunkStorage (DIM1): All chunks are saved
[00:04:31] [Server thread/INFO]: ThreadedAnvilChunkStorage: All dimensions are saved
[00:04:32] [Render thread/INFO]: Stopping!
